solomon585858@ubuntu:~$ wget https://raw.githubusercontent.com/solomon585858/OTUS-Linux-2018-04/HW-7/HW-7/script_lsof_alternative.sh
--2018-05-21 13:30:09--  https://raw.githubusercontent.com/solomon585858/OTUS-Linux-2018-04/HW-7/HW-7/script_lsof_alternative.sh
Resolving raw.githubusercontent.com (raw.githubusercontent.com)... 151.101.0.133, 151.101.64.133, 151.101.128.133, ...
Connecting to raw.githubusercontent.com (raw.githubusercontent.com)|151.101.0.133|:443... connected.
HTTP request sent, awaiting response... 200 OK
Length: 237 [text/plain]
Saving to: ‘script_lsof_alternative.sh’

script_lsof_alternative.sh       100%[=========================================================>]     237  --.-KB/s    in 0s      

2018-05-21 13:30:10 (4.98 MB/s) - ‘script_lsof_alternative.sh’ saved [237/237]

solomon585858@ubuntu:~$ ls -al | grep script_lsof_alternative.sh
-rw-rw-r--  1 solomon585858 solomon585858       237 May 21 13:30 script_lsof_alternative.sh
solomon585858@ubuntu:~$ chmod +x script_lsof_alternative.sh
solomon585858@ubuntu:~$ ./script_lsof_alternative.sh 
1173: /dev/null
1173: /proc/1173/mountinfo
1173: /proc/swaps
1173: /sys/fs/cgroup/systemd/user.slice/user-1000.slice/user@1000.service
1433: /dev/tty1
5744: /dev/tty1
5744: /usr/bin/startx
5766: /dev/tty1
5767: /dev/dri/card0
5767: /dev/input/event0
5767: /dev/input/event1
5767: /dev/input/event2
5767: /dev/input/event3
5767: /dev/tty1
5767: /home/solomon585858/.local/share/xorg/Xorg.0.log
5772: /dev/tty1
5807: /dev/null
5807: /dev/tty1
5808: /dev/null
5823: /dev/null
5828: /dev/null
5831: /dev/null
5841: /dev/null
5846: /dev/null
5851: /dev/fuse
5851: /dev/null
5865: /dev/null
5937: /dev/null
5937: /home/solomon585858/.config/pulse/00ba790313c340a83cde031d5acd8439-card-database.tdb
5937: /home/solomon585858/.config/pulse/00ba790313c340a83cde031d5acd8439-device-volumes.tdb
5937: /home/solomon585858/.config/pulse/00ba790313c340a83cde031d5acd8439-stream-volumes.tdb
5949: /dev/null
5951: /dev/null
5951: /dev/urandom
5954: /dev/null
5958: /dev/null
5959: /dev/null
5961: /dev/null
5967: /dev/null
5971: /dev/null
5981: /dev/null
5987: /dev/null
5991: /dev/null
6015: /dev/null
6015: /home/solomon585858/.config/libaccounts-glib/accounts.db
6028: /dev/null
6028: /proc/6028/mounts
6040: /dev/null
6040: /dev/urandom
6048: /dev/null
6053: /dev/null
6061: /dev/null
6076: /dev/null
6076: /dev/urandom
6086: /dev/null
6096: /dev/null
6098: /dev/null
6098: /dev/urandom
6111: /dev/null
6111: /home/solomon585858/.local/share/gvfs-metadata/home
6111: /home/solomon585858/.local/share/gvfs-metadata/home-cf5b2a1e.log
6123: /dev/null
6123: /home/solomon585858/.local/share/evolution/addressbook/system/contacts.db
6143: /dev/null
6143: /proc/6143/mounts
6166: /dev/null
6166: /home/solomon585858/.local/share/zeitgeist/activity.sqlite
6166: /home/solomon585858/.local/share/zeitgeist/activity.sqlite-shm
6166: /home/solomon585858/.local/share/zeitgeist/activity.sqlite-wal
6175: /dev/null
6179: /dev/null
6179: /home/solomon585858/.local/share/zeitgeist/activity.sqlite
6179: /home/solomon585858/.local/share/zeitgeist/activity.sqlite-shm
6179: /home/solomon585858/.local/share/zeitgeist/activity.sqlite-wal
6201: /dev/null
6726: /dev/null
7149: /dev/null
7149: /dev/ptmx
7149: /dev/urandom
7156: /dev/null
7160: /dev/pts/0
7209: /dev/pts/0
7209: /dev/urandom
7209: /home/solomon585858/.cache/event-sound-cache.tdb.00ba790313c340a83cde031d5acd8439.x86_64-pc-linux-gnu
7209: /home/solomon585858/.cache/mozilla/firefox/ra7hylsv.default/OfflineCache/index.sqlite
7209: /home/solomon585858/.cache/mozilla/firefox/ra7hylsv.default/startupCache/startupCache.8.little
7209: /home/solomon585858/.mozilla/firefox/ra7hylsv.default/cert9.db
7209: /home/solomon585858/.mozilla/firefox/ra7hylsv.default/content-prefs.sqlite
7209: /home/solomon585858/.mozilla/firefox/ra7hylsv.default/cookies.sqlite
7209: /home/solomon585858/.mozilla/firefox/ra7hylsv.default/cookies.sqlite-shm
7209: /home/solomon585858/.mozilla/firefox/ra7hylsv.default/cookies.sqlite-wal
7209: /home/solomon585858/.mozilla/firefox/ra7hylsv.default/favicons.sqlite
7209: /home/solomon585858/.mozilla/firefox/ra7hylsv.default/favicons.sqlite-shm
7209: /home/solomon585858/.mozilla/firefox/ra7hylsv.default/favicons.sqlite-wal
7209: /home/solomon585858/.mozilla/firefox/ra7hylsv.default/formhistory.sqlite
7209: /home/solomon585858/.mozilla/firefox/ra7hylsv.default/key4.db
7209: /home/solomon585858/.mozilla/firefox/ra7hylsv.default/.parentlock
7209: /home/solomon585858/.mozilla/firefox/ra7hylsv.default/permissions.sqlite
7209: /home/solomon585858/.mozilla/firefox/ra7hylsv.default/places.sqlite
7209: /home/solomon585858/.mozilla/firefox/ra7hylsv.default/places.sqlite-shm
7209: /home/solomon585858/.mozilla/firefox/ra7hylsv.default/places.sqlite-wal
7209: /home/solomon585858/.mozilla/firefox/ra7hylsv.default/webappsstore.sqlite
7209: /home/solomon585858/.mozilla/firefox/ra7hylsv.default/webappsstore.sqlite-shm
7209: /home/solomon585858/.mozilla/firefox/ra7hylsv.default/webappsstore.sqlite-wal
7209: /tmp/tmpaddon
7209: /usr/lib/firefox/browser/features/activity-stream@mozilla.org.xpi
7209: /usr/lib/firefox/browser/features/firefox@getpocket.com.xpi
7209: /usr/lib/firefox/browser/features/followonsearch@mozilla.com.xpi
7209: /usr/lib/firefox/browser/features/onboarding@mozilla.org.xpi
7209: /usr/lib/firefox/browser/features/screenshots@mozilla.org.xpi
7209: /usr/lib/firefox/browser/features/webcompat@mozilla.org.xpi
7209: /usr/lib/firefox/browser/omni.ja
7209: /usr/lib/firefox/omni.ja
7260: /dev/pts/0
7260: /dev/urandom
7260: /usr/lib/firefox/browser/features/activity-stream@mozilla.org.xpi
7260: /usr/lib/firefox/browser/features/firefox@getpocket.com.xpi
7260: /usr/lib/firefox/browser/features/followonsearch@mozilla.com.xpi
7260: /usr/lib/firefox/browser/features/onboarding@mozilla.org.xpi
7260: /usr/lib/firefox/browser/omni.ja
7260: /usr/lib/firefox/omni.ja
7296: /dev/pts/0
7296: /dev/urandom
7296: /usr/lib/firefox/browser/features/firefox@getpocket.com.xpi
7296: /usr/lib/firefox/browser/features/followonsearch@mozilla.com.xpi
7296: /usr/lib/firefox/browser/features/onboarding@mozilla.org.xpi
7296: /usr/lib/firefox/browser/omni.ja
7296: /usr/lib/firefox/omni.ja
7363: /dev/pts/0
7363: /dev/urandom
7363: /usr/lib/firefox/browser/features/firefox@getpocket.com.xpi
7363: /usr/lib/firefox/browser/omni.ja
7363: /usr/lib/firefox/omni.ja
13810: /dev/null
13810: /var/lib/apt/lists/packages.cloud.google.com_apt_dists_cloud-sdk-xenial_main_binary-amd64_Packages
13810: /var/lib/apt/lists/packages.cloud.google.com_apt_dists_cloud-sdk-xenial_main_binary-i386_Packages
13810: /var/lib/apt/lists/ppa.launchpad.net_ansible_ansible_ubuntu_dists_xenial_main_binary-amd64_Packages
13810: /var/lib/apt/lists/ppa.launchpad.net_ansible_ansible_ubuntu_dists_xenial_main_binary-i386_Packages
13810: /var/lib/apt/lists/ppa.launchpad.net_ansible_ansible_ubuntu_dists_xenial_main_i18n_Translation-en
13810: /var/lib/apt/lists/security.ubuntu.com_ubuntu_dists_xenial-security_main_binary-amd64_Packages
13810: /var/lib/apt/lists/security.ubuntu.com_ubuntu_dists_xenial-security_main_binary-i386_Packages
13810: /var/lib/apt/lists/security.ubuntu.com_ubuntu_dists_xenial-security_main_i18n_Translation-en
13810: /var/lib/apt/lists/security.ubuntu.com_ubuntu_dists_xenial-security_multiverse_binary-amd64_Packages
13810: /var/lib/apt/lists/security.ubuntu.com_ubuntu_dists_xenial-security_multiverse_binary-i386_Packages
13810: /var/lib/apt/lists/security.ubuntu.com_ubuntu_dists_xenial-security_multiverse_i18n_Translation-en
13810: /var/lib/apt/lists/security.ubuntu.com_ubuntu_dists_xenial-security_restricted_binary-amd64_Packages
13810: /var/lib/apt/lists/security.ubuntu.com_ubuntu_dists_xenial-security_restricted_binary-i386_Packages
13810: /var/lib/apt/lists/security.ubuntu.com_ubuntu_dists_xenial-security_restricted_i18n_Translation-en
13810: /var/lib/apt/lists/security.ubuntu.com_ubuntu_dists_xenial-security_universe_binary-amd64_Packages
13810: /var/lib/apt/lists/security.ubuntu.com_ubuntu_dists_xenial-security_universe_binary-i386_Packages
13810: /var/lib/apt/lists/security.ubuntu.com_ubuntu_dists_xenial-security_universe_i18n_Translation-en
13810: /var/lib/apt/lists/us.archive.ubuntu.com_ubuntu_dists_xenial-backports_main_binary-amd64_Packages
13810: /var/lib/apt/lists/us.archive.ubuntu.com_ubuntu_dists_xenial-backports_main_binary-i386_Packages
13810: /var/lib/apt/lists/us.archive.ubuntu.com_ubuntu_dists_xenial-backports_main_i18n_Translation-en
13810: /var/lib/apt/lists/us.archive.ubuntu.com_ubuntu_dists_xenial-backports_universe_binary-amd64_Packages
13810: /var/lib/apt/lists/us.archive.ubuntu.com_ubuntu_dists_xenial-backports_universe_binary-i386_Packages
13810: /var/lib/apt/lists/us.archive.ubuntu.com_ubuntu_dists_xenial-backports_universe_i18n_Translation-en
13810: /var/lib/apt/lists/us.archive.ubuntu.com_ubuntu_dists_xenial_main_binary-amd64_Packages
13810: /var/lib/apt/lists/us.archive.ubuntu.com_ubuntu_dists_xenial_main_binary-i386_Packages
13810: /var/lib/apt/lists/us.archive.ubuntu.com_ubuntu_dists_xenial_main_i18n_Translation-en
13810: /var/lib/apt/lists/us.archive.ubuntu.com_ubuntu_dists_xenial_multiverse_binary-amd64_Packages
13810: /var/lib/apt/lists/us.archive.ubuntu.com_ubuntu_dists_xenial_multiverse_binary-i386_Packages
13810: /var/lib/apt/lists/us.archive.ubuntu.com_ubuntu_dists_xenial_multiverse_i18n_Translation-en
13810: /var/lib/apt/lists/us.archive.ubuntu.com_ubuntu_dists_xenial_restricted_binary-amd64_Packages
13810: /var/lib/apt/lists/us.archive.ubuntu.com_ubuntu_dists_xenial_restricted_binary-i386_Packages
13810: /var/lib/apt/lists/us.archive.ubuntu.com_ubuntu_dists_xenial_restricted_i18n_Translation-en
13810: /var/lib/apt/lists/us.archive.ubuntu.com_ubuntu_dists_xenial_universe_binary-amd64_Packages
13810: /var/lib/apt/lists/us.archive.ubuntu.com_ubuntu_dists_xenial_universe_binary-i386_Packages
13810: /var/lib/apt/lists/us.archive.ubuntu.com_ubuntu_dists_xenial_universe_i18n_Translation-en
13810: /var/lib/apt/lists/us.archive.ubuntu.com_ubuntu_dists_xenial-updates_main_binary-amd64_Packages
13810: /var/lib/apt/lists/us.archive.ubuntu.com_ubuntu_dists_xenial-updates_main_binary-i386_Packages
13810: /var/lib/apt/lists/us.archive.ubuntu.com_ubuntu_dists_xenial-updates_main_i18n_Translation-en
13810: /var/lib/apt/lists/us.archive.ubuntu.com_ubuntu_dists_xenial-updates_multiverse_binary-amd64_Packages
13810: /var/lib/apt/lists/us.archive.ubuntu.com_ubuntu_dists_xenial-updates_multiverse_binary-i386_Packages
13810: /var/lib/apt/lists/us.archive.ubuntu.com_ubuntu_dists_xenial-updates_multiverse_i18n_Translation-en
13810: /var/lib/apt/lists/us.archive.ubuntu.com_ubuntu_dists_xenial-updates_restricted_binary-amd64_Packages
13810: /var/lib/apt/lists/us.archive.ubuntu.com_ubuntu_dists_xenial-updates_restricted_binary-i386_Packages
13810: /var/lib/apt/lists/us.archive.ubuntu.com_ubuntu_dists_xenial-updates_restricted_i18n_Translation-en
13810: /var/lib/apt/lists/us.archive.ubuntu.com_ubuntu_dists_xenial-updates_universe_binary-amd64_Packages
13810: /var/lib/apt/lists/us.archive.ubuntu.com_ubuntu_dists_xenial-updates_universe_binary-i386_Packages
13810: /var/lib/apt/lists/us.archive.ubuntu.com_ubuntu_dists_xenial-updates_universe_i18n_Translation-en
13810: /var/lib/dpkg/status
25506: /dev/pts/1
25536: /dev/pts/1
25536: /home/solomon585858/script_lsof_alternative.sh
25537: /dev/pts/1
25538: /dev/pts/1
25539: /dev/pts/1
solomon585858@ubuntu:~$ 