Apr 27 06:05:56 Updated: libgcc-4.8.5-16.el7_4.2.x86_64
Apr 27 06:06:18 Updated: glibc-common-2.17-196.el7_4.2.x86_64
Apr 27 06:06:19 Updated: glibc-2.17-196.el7_4.2.x86_64
Apr 27 06:06:19 Updated: libstdc++-4.8.5-16.el7_4.2.x86_64
Apr 27 06:06:20 Installed: mpfr-3.1.1-4.el7.x86_64
Apr 27 06:06:20 Installed: libmpc-1.0.1-3.el7.x86_64
Apr 27 06:06:20 Installed: libquadmath-4.8.5-16.el7_4.2.x86_64
Apr 27 06:06:20 Installed: m4-1.4.16-10.el7.x86_64
Apr 27 06:06:20 Installed: apr-1.4.8-3.el7_4.1.x86_64
Apr 27 06:06:29 Installed: apr-util-1.5.2-6.el7.x86_64
Apr 27 06:06:30 Installed: avahi-libs-0.6.31-17.el7.x86_64
Apr 27 06:06:31 Installed: patch-2.7.1-8.el7.x86_64
Apr 27 06:06:31 Installed: 1:perl-Error-0.17020-2.el7.noarch
Apr 27 06:06:31 Installed: perl-Thread-Queue-3.02-2.el7.noarch
Apr 27 06:06:31 Installed: libgfortran-4.8.5-16.el7_4.2.x86_64
Apr 27 06:06:32 Installed: cpp-4.8.5-16.el7_4.2.x86_64
Apr 27 06:06:34 Installed: libstdc++-devel-4.8.5-16.el7_4.2.x86_64
Apr 27 06:06:34 Updated: systemtap-runtime-3.1-5.el7_4.x86_64
Apr 27 06:06:35 Installed: libgnome-keyring-3.12.0-1.el7.x86_64
Apr 27 06:06:35 Installed: trousers-0.3.14-2.el7.x86_64
Apr 27 06:06:36 Installed: perl-XML-Parser-2.41-10.el7.x86_64
Apr 27 06:06:36 Installed: efivar-libs-31-4.el7.x86_64
Apr 27 06:06:36 Installed: mokutil-12-1.el7.centos.x86_64
Apr 27 06:06:36 Installed: perl-Data-Dumper-2.145-3.el7.x86_64
Apr 27 06:06:36 Installed: autoconf-2.69-11.el7.noarch
Apr 27 06:06:37 Installed: nettle-2.7.1-8.el7.x86_64
Apr 27 06:06:37 Installed: gnutls-3.3.26-9.el7.x86_64
Apr 27 06:06:37 Updated: libgomp-4.8.5-16.el7_4.2.x86_64
Apr 27 06:06:37 Installed: perl-TermReadKey-2.30-20.el7.x86_64
Apr 27 06:06:37 Installed: perl-Git-1.8.3.1-12.el7_4.noarch
Apr 27 06:06:40 Installed: git-1.8.3.1-12.el7_4.x86_64
Apr 27 06:06:40 Installed: dwz-0.11-3.el7.x86_64
Apr 27 06:06:40 Installed: pakchois-0.4-10.el7.x86_64
Apr 27 06:06:40 Installed: neon-0.30.0-3.el7.x86_64
Apr 27 06:06:41 Installed: subversion-libs-1.7.14-11.el7_4.x86_64
Apr 27 06:06:41 Installed: perl-srpm-macros-1-8.el7.noarch
Apr 27 06:06:41 Installed: redhat-rpm-config-9.1.0-76.el7.centos.noarch
Apr 27 06:06:43 Installed: kernel-headers-3.10.0-693.21.1.el7.x86_64
Apr 27 06:06:43 Installed: glibc-headers-2.17-196.el7_4.2.x86_64
Apr 27 06:06:44 Installed: glibc-devel-2.17-196.el7_4.2.x86_64
Apr 27 06:06:49 Installed: gcc-4.8.5-16.el7_4.2.x86_64
Apr 27 06:06:49 Installed: libquadmath-devel-4.8.5-16.el7_4.2.x86_64
Apr 27 06:06:50 Installed: gettext-common-devel-0.19.8.1-2.el7.noarch
Apr 27 06:06:50 Installed: gettext-devel-0.19.8.1-2.el7.x86_64
Apr 27 06:06:50 Installed: perl-Test-Harness-3.28-3.el7.noarch
Apr 27 06:06:56 Installed: automake-1.13.4-3.el7.noarch
Apr 27 06:07:18 Installed: kernel-debug-devel-3.10.0-693.21.1.el7.x86_64
Apr 27 06:07:19 Installed: systemtap-devel-3.1-5.el7_4.x86_64
Apr 27 06:07:21 Installed: systemtap-client-3.1-5.el7_4.x86_64
Apr 27 06:07:21 Installed: systemtap-3.1-5.el7_4.x86_64
Apr 27 06:07:21 Installed: libtool-2.4.2-22.el7_3.x86_64
Apr 27 06:07:22 Installed: intltool-0.50.2-7.el7.noarch
Apr 27 06:07:23 Installed: gcc-gfortran-4.8.5-16.el7_4.2.x86_64
Apr 27 06:07:23 Installed: gcc-c++-4.8.5-16.el7_4.2.x86_64
Apr 27 06:07:24 Installed: rpm-build-4.11.3-25.el7.x86_64
Apr 27 06:07:25 Installed: subversion-1.7.14-11.el7_4.x86_64
Apr 27 06:07:25 Installed: bison-3.0.4-1.el7.x86_64
Apr 27 06:07:25 Installed: flex-2.5.37-3.el7.x86_64
Apr 27 06:07:28 Installed: 1:doxygen-1.8.5-3.el7.x86_64
Apr 27 06:07:39 Installed: swig-2.0.10-5.el7.x86_64
Apr 27 06:07:40 Installed: ctags-5.8-13.el7.x86_64
Apr 27 06:07:41 Installed: byacc-1.9.20130304-3.el7.x86_64
Apr 27 06:07:41 Installed: rcs-5.9.0-5.el7.x86_64
Apr 27 06:07:41 Installed: indent-2.2.11-13.el7.x86_64
Apr 27 06:07:41 Installed: patchutils-0.3.3-4.el7.x86_64
Apr 27 06:07:42 Installed: cscope-15.8-10.el7.x86_64
Apr 27 06:07:42 Installed: rpm-sign-4.11.3-25.el7.x86_64
Apr 27 06:07:42 Installed: diffstat-1.57-4.el7.x86_64
